<?xml version="1.0" encoding="UTF-8"?>
<!-- Generated by org.testng.reporters.JUnitXMLReporter -->
<testsuite ignored="0" hostname="Girish" failures="0" tests="8" name="Test" time="90.046" errors="0" timestamp="2023-03-10T23:16:37 IST">
  <testcase classname="com.LntSuffin.testScripts.VerifyAllSealantsProductsFromLucknow_test" name="VerifyAllSealantsProductsFromLucknow" time="5.279"/>
  <testcase classname="com.LntSuffin.testScripts.VerifyAllSealantsProductsAreVerifiedAndTrustedProducts_test" name="VerifyAllSealantsProductsAreVerifiedAndTrustedProducts" time="4.919"/>
  <testcase classname="com.LntSuffin.testScripts.VerifyAllSealantsProductsAreOnlyVerifiedProducts_test" name="VerifyAllSealantsProductsAreOnlyVerifiedProducts" time="4.772"/>
  <testcase classname="com.LntSuffin.testScripts.VerifyAllAdhesivesProductsAreOnlyVerifiedProducts_test" name="VerifyAllProductsAreOnlyVerifiedProducts" time="5.233"/>
  <testcase classname="com.LntSuffin.testScripts.VerifyNumberOfAdhesivesProductsInaPage_test" name="VerifyNumberOfProductsInaPage" time="6.227"/>
  <testcase classname="com.LntSuffin.testScripts.VerifyAllAdhesivesProductsAreVerifiedAndTrustedProducts_test" name="VerifyAllProductsAreVerifiedAndTrustedProducts" time="5.311"/>
  <testcase classname="com.LntSuffin.testScripts.VerifyNumberOfSealantsProductsInaPage_test" name="VerifyNumberOfSealantsProductsInaPage" time="7.557"/>
  <testcase classname="com.LntSuffin.testScripts.VerifyAllAdhesivesProductsFromLucknow_test" name="VerifyAllProductsFromDelhi" time="4.434"/>
</testsuite> <!-- Test -->
