<?xml version="1.0" encoding="UTF-8"?>
<!-- Generated by org.testng.reporters.JUnitXMLReporter -->
<testsuite ignored="0" hostname="Girish" failures="0" tests="8" name="Test" time="92.519" errors="0" timestamp="2023-03-10T23:27:06 IST">
  <testcase classname="com.LntSuffin.testScripts.VerifyAllSealantsProductsFromLucknow_test" name="VerifyAllSealantsProductsFromLucknow" time="4.349"/>
  <testcase classname="com.LntSuffin.testScripts.VerifyAllSealantsProductsAreVerifiedAndTrustedProducts_test" name="VerifyAllSealantsProductsAreVerifiedAndTrustedProducts" time="5.21"/>
  <testcase classname="com.LntSuffin.testScripts.VerifyAllSealantsProductsAreOnlyVerifiedProducts_test" name="VerifyAllSealantsProductsAreOnlyVerifiedProducts" time="4.925"/>
  <testcase classname="com.LntSuffin.testScripts.VerifyAllAdhesivesProductsAreOnlyVerifiedProducts_test" name="VerifyAllProductsAreOnlyVerifiedProducts" time="5.427"/>
  <testcase classname="com.LntSuffin.testScripts.VerifyNumberOfAdhesivesProductsInaPage_test" name="VerifyNumberOfProductsInaPage" time="6.234"/>
  <testcase classname="com.LntSuffin.testScripts.VerifyAllAdhesivesProductsAreVerifiedAndTrustedProducts_test" name="VerifyAllProductsAreVerifiedAndTrustedProducts" time="9.224"/>
  <testcase classname="com.LntSuffin.testScripts.VerifyNumberOfSealantsProductsInaPage_test" name="VerifyNumberOfSealantsProductsInaPage" time="6.19"/>
  <testcase classname="com.LntSuffin.testScripts.VerifyAllAdhesivesProductsFromLucknow_test" name="VerifyAllProductsFromDelhi" time="5.967"/>
</testsuite> <!-- Test -->
