<?xml version="1.0" encoding="UTF-8"?>
<testng-results ignored="0" total="1" passed="1" failed="0" skipped="0">
  <reporter-output>
  </reporter-output>
  <suite started-at="2023-03-10T22:07:51 IST" name="Default suite" finished-at="2023-03-10T22:08:10 IST" duration-ms="19222">
    <groups>
    </groups>
    <test started-at="2023-03-10T22:07:51 IST" name="Default test" finished-at="2023-03-10T22:08:10 IST" duration-ms="19222">
      <class name="com.LntSuffin.testScripts.VerifyAllProductsAreVerifiedAndTrustedProducts_test">
        <test-method is-config="true" signature="launchApplication()[pri:0, instance:com.LntSuffin.testScripts.VerifyAllProductsAreVerifiedAndTrustedProducts_test@bd4dc25]" started-at="2023-03-10T22:07:51 IST" name="launchApplication" finished-at="2023-03-10T22:08:02 IST" duration-ms="10997" status="PASS">
          <reporter-output>
          </reporter-output>
        </test-method> <!-- launchApplication -->
        <test-method signature="VerifyAllProductsAreVerifiedAndTrustedProducts()[pri:0, instance:com.LntSuffin.testScripts.VerifyAllProductsAreVerifiedAndTrustedProducts_test@bd4dc25]" started-at="2023-03-10T22:08:02 IST" name="VerifyAllProductsAreVerifiedAndTrustedProducts" finished-at="2023-03-10T22:08:10 IST" duration-ms="8167" status="PASS">
          <reporter-output>
          </reporter-output>
        </test-method> <!-- VerifyAllProductsAreVerifiedAndTrustedProducts -->
        <test-method is-config="true" signature="closeApplication()[pri:0, instance:com.LntSuffin.testScripts.VerifyAllProductsAreVerifiedAndTrustedProducts_test@bd4dc25]" started-at="2023-03-10T22:08:10 IST" name="closeApplication" finished-at="2023-03-10T22:08:10 IST" duration-ms="0" status="PASS">
          <reporter-output>
          </reporter-output>
        </test-method> <!-- closeApplication -->
      </class> <!-- com.LntSuffin.testScripts.VerifyAllProductsAreVerifiedAndTrustedProducts_test -->
    </test> <!-- Default test -->
  </suite> <!-- Default suite -->
</testng-results>
