<?xml version="1.0" encoding="UTF-8"?>
<testng-results ignored="0" total="8" passed="8" failed="0" skipped="0">
  <reporter-output>
  </reporter-output>
  <suite started-at="2023-03-10T23:15:07 IST" name="Suite" finished-at="2023-03-10T23:16:37 IST" duration-ms="90046">
    <groups>
    </groups>
    <test started-at="2023-03-10T23:15:07 IST" name="Test" finished-at="2023-03-10T23:16:37 IST" duration-ms="90046">
      <class name="com.LntSuffin.testScripts.VerifyNumberOfSealantsProductsInaPage_test">
        <test-method is-config="true" signature="launchApplication()[pri:0, instance:com.LntSuffin.testScripts.VerifyNumberOfSealantsProductsInaPage_test@20ccf40b]" started-at="2023-03-10T23:16:15 IST" name="launchApplication" finished-at="2023-03-10T23:16:20 IST" duration-ms="5103" status="PASS">
          <reporter-output>
          </reporter-output>
        </test-method> <!-- launchApplication -->
        <test-method signature="VerifyNumberOfSealantsProductsInaPage()[pri:0, instance:com.LntSuffin.testScripts.VerifyNumberOfSealantsProductsInaPage_test@20ccf40b]" started-at="2023-03-10T23:16:20 IST" name="VerifyNumberOfSealantsProductsInaPage" finished-at="2023-03-10T23:16:28 IST" duration-ms="7557" status="PASS">
          <reporter-output>
          </reporter-output>
        </test-method> <!-- VerifyNumberOfSealantsProductsInaPage -->
        <test-method is-config="true" signature="closeApplication()[pri:0, instance:com.LntSuffin.testScripts.VerifyNumberOfSealantsProductsInaPage_test@20ccf40b]" started-at="2023-03-10T23:16:28 IST" name="closeApplication" finished-at="2023-03-10T23:16:28 IST" duration-ms="216" status="PASS">
          <reporter-output>
          </reporter-output>
        </test-method> <!-- closeApplication -->
      </class> <!-- com.LntSuffin.testScripts.VerifyNumberOfSealantsProductsInaPage_test -->
      <class name="com.LntSuffin.testScripts.VerifyAllSealantsProductsFromLucknow_test">
        <test-method is-config="true" signature="launchApplication()[pri:0, instance:com.LntSuffin.testScripts.VerifyAllSealantsProductsFromLucknow_test@5562c41e]" started-at="2023-03-10T23:15:07 IST" name="launchApplication" finished-at="2023-03-10T23:15:14 IST" duration-ms="6490" status="PASS">
          <reporter-output>
          </reporter-output>
        </test-method> <!-- launchApplication -->
        <test-method signature="VerifyAllSealantsProductsFromLucknow()[pri:0, instance:com.LntSuffin.testScripts.VerifyAllSealantsProductsFromLucknow_test@5562c41e]" started-at="2023-03-10T23:15:14 IST" name="VerifyAllSealantsProductsFromLucknow" finished-at="2023-03-10T23:15:19 IST" duration-ms="5279" status="PASS">
          <reporter-output>
          </reporter-output>
        </test-method> <!-- VerifyAllSealantsProductsFromLucknow -->
        <test-method is-config="true" signature="closeApplication()[pri:0, instance:com.LntSuffin.testScripts.VerifyAllSealantsProductsFromLucknow_test@5562c41e]" started-at="2023-03-10T23:15:19 IST" name="closeApplication" finished-at="2023-03-10T23:15:19 IST" duration-ms="209" status="PASS">
          <reporter-output>
          </reporter-output>
        </test-method> <!-- closeApplication -->
      </class> <!-- com.LntSuffin.testScripts.VerifyAllSealantsProductsFromLucknow_test -->
      <class name="com.LntSuffin.testScripts.VerifyAllSealantsProductsAreVerifiedAndTrustedProducts_test">
        <test-method is-config="true" signature="launchApplication()[pri:0, instance:com.LntSuffin.testScripts.VerifyAllSealantsProductsAreVerifiedAndTrustedProducts_test@6da21078]" started-at="2023-03-10T23:15:19 IST" name="launchApplication" finished-at="2023-03-10T23:15:24 IST" duration-ms="4937" status="PASS">
          <reporter-output>
          </reporter-output>
        </test-method> <!-- launchApplication -->
        <test-method signature="VerifyAllSealantsProductsAreVerifiedAndTrustedProducts()[pri:0, instance:com.LntSuffin.testScripts.VerifyAllSealantsProductsAreVerifiedAndTrustedProducts_test@6da21078]" started-at="2023-03-10T23:15:24 IST" name="VerifyAllSealantsProductsAreVerifiedAndTrustedProducts" finished-at="2023-03-10T23:15:29 IST" duration-ms="4919" status="PASS">
          <reporter-output>
          </reporter-output>
        </test-method> <!-- VerifyAllSealantsProductsAreVerifiedAndTrustedProducts -->
        <test-method is-config="true" signature="closeApplication()[pri:0, instance:com.LntSuffin.testScripts.VerifyAllSealantsProductsAreVerifiedAndTrustedProducts_test@6da21078]" started-at="2023-03-10T23:15:29 IST" name="closeApplication" finished-at="2023-03-10T23:15:29 IST" duration-ms="109" status="PASS">
          <reporter-output>
          </reporter-output>
        </test-method> <!-- closeApplication -->
      </class> <!-- com.LntSuffin.testScripts.VerifyAllSealantsProductsAreVerifiedAndTrustedProducts_test -->
      <class name="com.LntSuffin.testScripts.VerifyAllAdhesivesProductsAreVerifiedAndTrustedProducts_test">
        <test-method is-config="true" signature="launchApplication()[pri:0, instance:com.LntSuffin.testScripts.VerifyAllAdhesivesProductsAreVerifiedAndTrustedProducts_test@2b91004a]" started-at="2023-03-10T23:16:06 IST" name="launchApplication" finished-at="2023-03-10T23:16:09 IST" duration-ms="3705" status="PASS">
          <reporter-output>
          </reporter-output>
        </test-method> <!-- launchApplication -->
        <test-method signature="VerifyAllProductsAreVerifiedAndTrustedProducts()[pri:0, instance:com.LntSuffin.testScripts.VerifyAllAdhesivesProductsAreVerifiedAndTrustedProducts_test@2b91004a]" started-at="2023-03-10T23:16:09 IST" name="VerifyAllProductsAreVerifiedAndTrustedProducts" finished-at="2023-03-10T23:16:15 IST" duration-ms="5311" status="PASS">
          <reporter-output>
          </reporter-output>
        </test-method> <!-- VerifyAllProductsAreVerifiedAndTrustedProducts -->
        <test-method is-config="true" signature="closeApplication()[pri:0, instance:com.LntSuffin.testScripts.VerifyAllAdhesivesProductsAreVerifiedAndTrustedProducts_test@2b91004a]" started-at="2023-03-10T23:16:15 IST" name="closeApplication" finished-at="2023-03-10T23:16:15 IST" duration-ms="151" status="PASS">
          <reporter-output>
          </reporter-output>
        </test-method> <!-- closeApplication -->
      </class> <!-- com.LntSuffin.testScripts.VerifyAllAdhesivesProductsAreVerifiedAndTrustedProducts_test -->
      <class name="com.LntSuffin.testScripts.VerifyAllAdhesivesProductsAreOnlyVerifiedProducts_test">
        <test-method is-config="true" signature="launchApplication()[pri:0, instance:com.LntSuffin.testScripts.VerifyAllAdhesivesProductsAreOnlyVerifiedProducts_test@4229bb3f]" started-at="2023-03-10T23:15:38 IST" name="launchApplication" finished-at="2023-03-10T23:15:44 IST" duration-ms="5260" status="PASS">
          <reporter-output>
          </reporter-output>
        </test-method> <!-- launchApplication -->
        <test-method signature="VerifyAllProductsAreOnlyVerifiedProducts()[pri:0, instance:com.LntSuffin.testScripts.VerifyAllAdhesivesProductsAreOnlyVerifiedProducts_test@4229bb3f]" started-at="2023-03-10T23:15:44 IST" name="VerifyAllProductsAreOnlyVerifiedProducts" finished-at="2023-03-10T23:15:49 IST" duration-ms="5233" status="PASS">
          <reporter-output>
          </reporter-output>
        </test-method> <!-- VerifyAllProductsAreOnlyVerifiedProducts -->
        <test-method is-config="true" signature="closeApplication()[pri:0, instance:com.LntSuffin.testScripts.VerifyAllAdhesivesProductsAreOnlyVerifiedProducts_test@4229bb3f]" started-at="2023-03-10T23:15:49 IST" name="closeApplication" finished-at="2023-03-10T23:15:49 IST" duration-ms="245" status="PASS">
          <reporter-output>
          </reporter-output>
        </test-method> <!-- closeApplication -->
      </class> <!-- com.LntSuffin.testScripts.VerifyAllAdhesivesProductsAreOnlyVerifiedProducts_test -->
      <class name="com.LntSuffin.testScripts.VerifyNumberOfAdhesivesProductsInaPage_test">
        <test-method is-config="true" signature="launchApplication()[pri:0, instance:com.LntSuffin.testScripts.VerifyNumberOfAdhesivesProductsInaPage_test@56cdfb3b]" started-at="2023-03-10T23:15:49 IST" name="launchApplication" finished-at="2023-03-10T23:15:59 IST" duration-ms="10242" status="PASS">
          <reporter-output>
          </reporter-output>
        </test-method> <!-- launchApplication -->
        <test-method signature="VerifyNumberOfProductsInaPage()[pri:0, instance:com.LntSuffin.testScripts.VerifyNumberOfAdhesivesProductsInaPage_test@56cdfb3b]" started-at="2023-03-10T23:15:59 IST" name="VerifyNumberOfProductsInaPage" finished-at="2023-03-10T23:16:05 IST" duration-ms="6227" status="PASS">
          <reporter-output>
          </reporter-output>
        </test-method> <!-- VerifyNumberOfProductsInaPage -->
        <test-method is-config="true" signature="closeApplication()[pri:0, instance:com.LntSuffin.testScripts.VerifyNumberOfAdhesivesProductsInaPage_test@56cdfb3b]" started-at="2023-03-10T23:16:05 IST" name="closeApplication" finished-at="2023-03-10T23:16:06 IST" duration-ms="204" status="PASS">
          <reporter-output>
          </reporter-output>
        </test-method> <!-- closeApplication -->
      </class> <!-- com.LntSuffin.testScripts.VerifyNumberOfAdhesivesProductsInaPage_test -->
      <class name="com.LntSuffin.testScripts.VerifyAllAdhesivesProductsFromLucknow_test">
        <test-method is-config="true" signature="launchApplication()[pri:0, instance:com.LntSuffin.testScripts.VerifyAllAdhesivesProductsFromLucknow_test@35aea049]" started-at="2023-03-10T23:16:28 IST" name="launchApplication" finished-at="2023-03-10T23:16:33 IST" duration-ms="5147" status="PASS">
          <reporter-output>
          </reporter-output>
        </test-method> <!-- launchApplication -->
        <test-method signature="VerifyAllProductsFromDelhi()[pri:0, instance:com.LntSuffin.testScripts.VerifyAllAdhesivesProductsFromLucknow_test@35aea049]" started-at="2023-03-10T23:16:33 IST" name="VerifyAllProductsFromDelhi" finished-at="2023-03-10T23:16:37 IST" duration-ms="4434" status="PASS">
          <reporter-output>
          </reporter-output>
        </test-method> <!-- VerifyAllProductsFromDelhi -->
        <test-method is-config="true" signature="closeApplication()[pri:0, instance:com.LntSuffin.testScripts.VerifyAllAdhesivesProductsFromLucknow_test@35aea049]" started-at="2023-03-10T23:16:37 IST" name="closeApplication" finished-at="2023-03-10T23:16:37 IST" duration-ms="133" status="PASS">
          <reporter-output>
          </reporter-output>
        </test-method> <!-- closeApplication -->
      </class> <!-- com.LntSuffin.testScripts.VerifyAllAdhesivesProductsFromLucknow_test -->
      <class name="com.LntSuffin.testScripts.VerifyAllSealantsProductsAreOnlyVerifiedProducts_test">
        <test-method is-config="true" signature="launchApplication()[pri:0, instance:com.LntSuffin.testScripts.VerifyAllSealantsProductsAreOnlyVerifiedProducts_test@7fee8714]" started-at="2023-03-10T23:15:29 IST" name="launchApplication" finished-at="2023-03-10T23:15:33 IST" duration-ms="3998" status="PASS">
          <reporter-output>
          </reporter-output>
        </test-method> <!-- launchApplication -->
        <test-method signature="VerifyAllSealantsProductsAreOnlyVerifiedProducts()[pri:0, instance:com.LntSuffin.testScripts.VerifyAllSealantsProductsAreOnlyVerifiedProducts_test@7fee8714]" started-at="2023-03-10T23:15:33 IST" name="VerifyAllSealantsProductsAreOnlyVerifiedProducts" finished-at="2023-03-10T23:15:38 IST" duration-ms="4772" status="PASS">
          <reporter-output>
          </reporter-output>
        </test-method> <!-- VerifyAllSealantsProductsAreOnlyVerifiedProducts -->
        <test-method is-config="true" signature="closeApplication()[pri:0, instance:com.LntSuffin.testScripts.VerifyAllSealantsProductsAreOnlyVerifiedProducts_test@7fee8714]" started-at="2023-03-10T23:15:38 IST" name="closeApplication" finished-at="2023-03-10T23:15:38 IST" duration-ms="124" status="PASS">
          <reporter-output>
          </reporter-output>
        </test-method> <!-- closeApplication -->
      </class> <!-- com.LntSuffin.testScripts.VerifyAllSealantsProductsAreOnlyVerifiedProducts_test -->
    </test> <!-- Test -->
  </suite> <!-- Suite -->
</testng-results>
